yarn install v1.22.19
[1/4] Resolving packages...
[2/4] Fetching packages...
[3/4] Linking dependencies...
warning " > @mui/styles@5.11.12" has incorrect peer dependency "react@^17.0.0".
[4/4] Building fresh packages...
Done in 97.92s.
npm WARN exec The following package was not found and will be installed: browserslist@4.21.5
Latest version:     [1m[32m1.0.30001466[39m[22m
Installed versions: [1m[31m1.0.30001441, 1.0.30001464[39m[22m
Removing old caniuse-lite from lock file
Installing new caniuse-lite version
[33m$ yarn add -W caniuse-lite[39m
warning " > @mui/styles@5.11.12" has incorrect peer dependency "react@^17.0.0".
Cleaning package.json dependencies from caniuse-lite
[33m$ yarn remove -W caniuse-lite[39m
warning " > @mui/styles@5.11.12" has incorrect peer dependency "react@^17.0.0".
caniuse-lite has been successfully updated

[32mNo target browser changes[39m
yarn run v1.22.19
$ node node_modules/react-scripts/bin/react-scripts.js build
Creating an optimized production build...
Compiled successfully.

File sizes after gzip:

  68.71 kB  build/static/js/main.2f357991.js
  2.63 kB   build/static/js/729.31df73d6.chunk.js
  909 B     build/static/css/main.6c9a8ca8.css

The project was built assuming it is hosted at /.
You can control this with the homepage field in your package.json.

The build folder is ready to be deployed.
You may serve it with a static server:

  yarn global add serve
  serve -s build

Find out more about deployment here:

  https://cra.link/deployment

Done in 17.29s.
18:19:17.289 [main] DEBUG org.springframework.boot.test.context.SpringBootTestContextBootstrapper - Neither @ContextConfiguration nor @ContextHierarchy found for test class [TestDataServiceBrowserTests]: using SpringBootContextLoader
18:19:17.296 [main] DEBUG org.springframework.test.context.support.AbstractContextLoader - Could not detect default resource locations for test class [com.datengaertnerei.test.dataservice.browser.TestDataServiceBrowserTests]: no resource found for suffixes {-context.xml, Context.groovy}.
18:19:17.297 [main] INFO org.springframework.test.context.support.AnnotationConfigContextLoaderUtils - Could not detect default configuration classes for test class [com.datengaertnerei.test.dataservice.browser.TestDataServiceBrowserTests]: TestDataServiceBrowserTests does not declare any static, non-private, non-final, nested classes annotated with @Configuration.
18:19:17.348 [main] DEBUG org.springframework.boot.test.context.SpringBootTestContextBootstrapper - Using ContextCustomizers for test class [TestDataServiceBrowserTests]: [ExcludeFilterContextCustomizer, DuplicateJsonObjectContextCustomizer, MockitoContextCustomizer, TestRestTemplateContextCustomizer, WebTestClientContextCustomizer, DisableObservabilityContextCustomizer, PropertyMappingContextCustomizer, Customizer]
18:19:17.524 [main] DEBUG org.springframework.context.annotation.ClassPathScanningCandidateComponentProvider - Identified candidate component class: file [/home/runner/work/test-data-service/test-data-service/target/classes/com/datengaertnerei/test/dataservice/DataServiceApplication.class]
18:19:17.593 [main] INFO org.springframework.boot.test.context.SpringBootTestContextBootstrapper - Found @SpringBootConfiguration com.datengaertnerei.test.dataservice.DataServiceApplication for test class com.datengaertnerei.test.dataservice.browser.TestDataServiceBrowserTests
18:19:17.861 [main] DEBUG org.springframework.boot.test.context.SpringBootTestContextBootstrapper - Using TestExecutionListeners for test class [TestDataServiceBrowserTests]: [ServletTestExecutionListener, DirtiesContextBeforeModesTestExecutionListener, ApplicationEventsTestExecutionListener, MockitoTestExecutionListener, DependencyInjectionTestExecutionListener, DirtiesContextTestExecutionListener, TransactionalTestExecutionListener, SqlScriptsTestExecutionListener, EventPublishingTestExecutionListener, ResetMocksTestExecutionListener, RestDocsTestExecutionListener, MockRestServiceServerResetTestExecutionListener, MockMvcPrintOnlyOnFailureTestExecutionListener, WebDriverTestExecutionListener, MockWebServiceServerTestExecutionListener]
18:19:17.864 [main] DEBUG org.springframework.test.context.support.AbstractDirtiesContextTestExecutionListener - Before test class: class [TestDataServiceBrowserTests], class annotated with @DirtiesContext [false] with mode [null]
18:19:17.884 [main] DEBUG org.springframework.test.context.support.DependencyInjectionTestExecutionListener - Performing dependency injection for test class com.datengaertnerei.test.dataservice.browser.TestDataServiceBrowserTests

  .   ____          _            __ _ _
 /\\ / ___'_ __ _ _(_)_ __  __ _ \ \ \ \
( ( )\___ | '_ | '_| | '_ \/ _` | \ \ \ \
 \\/  ___)| |_)| | | | | || (_| |  ) ) ) )
  '  |____| .__|_| |_|_| |_\__, | / / / /
 =========|_|==============|___/=/_/_/_/
 :: Spring Boot ::                (v3.0.4)

2023-03-14T18:19:18.639Z  INFO 2393 --- [           main] c.d.t.d.b.TestDataServiceBrowserTests    : Starting TestDataServiceBrowserTests using Java 17.0.6 with PID 2393 (started by runner in /home/runner/work/test-data-service/test-data-service)
2023-03-14T18:19:18.641Z  INFO 2393 --- [           main] c.d.t.d.b.TestDataServiceBrowserTests    : No active profile set, falling back to 1 default profile: "default"
2023-03-14T18:19:21.451Z  INFO 2393 --- [           main] .s.d.r.c.RepositoryConfigurationDelegate : Bootstrapping Spring Data JPA repositories in DEFAULT mode.
2023-03-14T18:19:21.710Z  INFO 2393 --- [           main] .s.d.r.c.RepositoryConfigurationDelegate : Finished Spring Data repository scanning in 246 ms. Found 1 JPA repository interfaces.
2023-03-14T18:19:22.988Z  INFO 2393 --- [           main] o.s.b.w.embedded.tomcat.TomcatWebServer  : Tomcat initialized with port(s): 0 (http)
2023-03-14T18:19:23.030Z  INFO 2393 --- [           main] o.apache.catalina.core.StandardService   : Starting service [Tomcat]
2023-03-14T18:19:23.032Z  INFO 2393 --- [           main] o.apache.catalina.core.StandardEngine    : Starting Servlet engine: [Apache Tomcat/10.1.5]
2023-03-14T18:19:23.219Z  INFO 2393 --- [           main] o.a.c.c.C.[Tomcat].[localhost].[/]       : Initializing Spring embedded WebApplicationContext
2023-03-14T18:19:23.225Z  INFO 2393 --- [           main] w.s.c.ServletWebServerApplicationContext : Root WebApplicationContext: initialization completed in 3343 ms
2023-03-14T18:19:23.531Z  INFO 2393 --- [           main] o.hibernate.jpa.internal.util.LogHelper  : HHH000204: Processing PersistenceUnitInfo [name: default]
2023-03-14T18:19:23.649Z  INFO 2393 --- [           main] org.hibernate.Version                    : HHH000412: Hibernate ORM core version 6.1.7.Final
2023-03-14T18:19:24.133Z  INFO 2393 --- [           main] com.zaxxer.hikari.HikariDataSource       : HikariPool-1 - Starting...
2023-03-14T18:19:24.654Z  INFO 2393 --- [           main] com.zaxxer.hikari.pool.HikariPool        : HikariPool-1 - Added connection conn0: url=jdbc:h2:file:./data/testdata user=SA
2023-03-14T18:19:24.657Z  INFO 2393 --- [           main] com.zaxxer.hikari.HikariDataSource       : HikariPool-1 - Start completed.
2023-03-14T18:19:24.698Z  INFO 2393 --- [           main] SQL dialect                              : HHH000400: Using dialect: org.hibernate.dialect.H2Dialect
2023-03-14T18:19:26.351Z  INFO 2393 --- [           main] o.h.e.t.j.p.i.JtaPlatformInitiator       : HHH000490: Using JtaPlatform implementation: [org.hibernate.engine.transaction.jta.platform.internal.NoJtaPlatform]
2023-03-14T18:19:26.369Z  INFO 2393 --- [           main] j.LocalContainerEntityManagerFactoryBean : Initialized JPA EntityManagerFactory for persistence unit 'default'
2023-03-14T18:19:27.597Z  INFO 2393 --- [           main] c.d.t.d.person.PersonGenerator           : Importing OSM dump
2023-03-14T18:19:28.656Z  INFO 2393 --- [           main] c.d.test.dataservice.person.AddressSink  : processing 1
2023-03-14T18:19:33.769Z  INFO 2393 --- [           main] c.d.t.d.person.PersonGenerator           : Address count: 6480
2023-03-14T18:19:34.467Z  INFO 2393 --- [           main] o.s.b.a.w.s.WelcomePageHandlerMapping    : Adding welcome page: class path resource [static/index.html]
2023-03-14T18:19:37.052Z  INFO 2393 --- [           main] o.s.b.w.embedded.tomcat.TomcatWebServer  : Tomcat started on port(s): 34989 (http) with context path ''
2023-03-14T18:19:37.063Z  INFO 2393 --- [           main] c.d.t.d.b.TestDataServiceBrowserTests    : Started TestDataServiceBrowserTests in 19.125 seconds (process running for 22.495)
2023-03-14T18:19:37.065Z  INFO 2393 --- [           main] c.d.t.d.DataServiceApplication           : Started with bean count of 290
[WARNING] Corrupted STDOUT by directly writing to native stream in forked JVM 1. See FAQ web page and the dump file /home/runner/work/test-data-service/test-data-service/target/surefire-reports/2023-03-14T18-19-14_372-jvmRun1.dumpstream
2023-03-14T18:19:58.386Z  INFO 2393 --- [o-auto-1-exec-1] o.a.c.c.C.[Tomcat].[localhost].[/]       : Initializing Spring DispatcherServlet 'dispatcherServlet'
2023-03-14T18:19:58.386Z  INFO 2393 --- [o-auto-1-exec-1] o.s.web.servlet.DispatcherServlet        : Initializing Servlet 'dispatcherServlet'
2023-03-14T18:19:58.389Z  INFO 2393 --- [o-auto-1-exec-1] o.s.web.servlet.DispatcherServlet        : Completed initialization in 1 ms
2023-03-14T18:19:59.010Z  INFO 2393 --- [           main] t.c.s.AnnotationConfigContextLoaderUtils : Could not detect default configuration classes for test class [com.datengaertnerei.test.dataservice.restassured.RestApiTest]: RestApiTest does not declare any static, non-private, non-final, nested classes annotated with @Configuration.
2023-03-14T18:19:59.026Z  INFO 2393 --- [           main] .b.t.c.SpringBootTestContextBootstrapper : Found @SpringBootConfiguration com.datengaertnerei.test.dataservice.DataServiceApplication for test class com.datengaertnerei.test.dataservice.restassured.RestApiTest
2023-03-14T18:20:02.530Z  INFO 2393 --- [           main] t.c.s.AnnotationConfigContextLoaderUtils : Could not detect default configuration classes for test class [com.datengaertnerei.test.dataservice.person.DataImportTest]: DataImportTest does not declare any static, non-private, non-final, nested classes annotated with @Configuration.
2023-03-14T18:20:02.550Z  INFO 2393 --- [           main] .b.t.c.SpringBootTestContextBootstrapper : Found @SpringBootConfiguration com.datengaertnerei.test.dataservice.DataServiceApplication for test class com.datengaertnerei.test.dataservice.person.DataImportTest
2023-03-14T18:20:02.564Z  INFO 2393 --- [           main] c.d.test.dataservice.person.AddressSink  : processing 1
2023-03-14T18:20:05.129Z  INFO 2393 --- [           main] t.c.s.AnnotationConfigContextLoaderUtils : Could not detect default configuration classes for test class [com.datengaertnerei.test.dataservice.junit.TestDataServiceApiTests]: TestDataServiceApiTests does not declare any static, non-private, non-final, nested classes annotated with @Configuration.
2023-03-14T18:20:05.136Z  INFO 2393 --- [           main] .b.t.c.SpringBootTestContextBootstrapper : Found @SpringBootConfiguration com.datengaertnerei.test.dataservice.DataServiceApplication for test class com.datengaertnerei.test.dataservice.junit.TestDataServiceApiTests
2023-03-14T18:20:06.704Z  INFO 2393 --- [o-auto-1-exec-9] o.springdoc.api.AbstractOpenApiResource  : Init duration for springdoc-openapi is: 671 ms

Verifying a pact between consumer and test-data-provider
  [Using File src/test/resources/pacts/bundles.json]
  A successful api GET call for a bundle
2023-03-14T18:20:09.183Z  WARN 2393 --- [       Thread-7] au.com.dius.pact.core.support.Metrics    : 
            Please note: we are tracking events anonymously to gather important usage statistics like JVM version
            and operating system. To disable tracking, set the 'pact_do_not_track' system property or environment
            variable to 'true'.
            
    returns a response which
      has status code 200 (OK)
      has a matching body (OK)
2023-03-14T18:20:09.397Z  WARN 2393 --- [           main] a.c.d.p.p.DefaultTestResultAccumulator   : Skipping publishing of verification results as it has been disabled (pact.verifier.publishResults is not 'true')
2023-03-14T18:20:09.851Z  INFO 2393 --- [           main] t.c.s.AnnotationConfigContextLoaderUtils : Could not detect default configuration classes for test class [com.datengaertnerei.test.dataservice.cucumber.CucumberSpringContextConfiguration]: CucumberSpringContextConfiguration does not declare any static, non-private, non-final, nested classes annotated with @Configuration.
2023-03-14T18:20:09.859Z  INFO 2393 --- [           main] .b.t.c.SpringBootTestContextBootstrapper : Found @SpringBootConfiguration com.datengaertnerei.test.dataservice.DataServiceApplication for test class com.datengaertnerei.test.dataservice.cucumber.CucumberSpringContextConfiguration
2023-03-14T18:20:10.001Z  INFO 2393 --- [           main] t.c.s.AnnotationConfigContextLoaderUtils : Could not detect default configuration classes for test class [com.datengaertnerei.test.dataservice.cucumber.CucumberSpringContextConfiguration]: CucumberSpringContextConfiguration does not declare any static, non-private, non-final, nested classes annotated with @Configuration.
2023-03-14T18:20:10.005Z  INFO 2393 --- [           main] .b.t.c.SpringBootTestContextBootstrapper : Found @SpringBootConfiguration com.datengaertnerei.test.dataservice.DataServiceApplication for test class com.datengaertnerei.test.dataservice.cucumber.CucumberSpringContextConfiguration
2023-03-14T18:20:10.039Z  INFO 2393 --- [ionShutdownHook] o.apache.catalina.core.StandardService   : Stopping service [Tomcat]
2023-03-14T18:20:10.040Z  INFO 2393 --- [ionShutdownHook] o.a.c.c.C.[Tomcat].[localhost].[/]       : Destroying Spring FrameworkServlet 'dispatcherServlet'
2023-03-14T18:20:10.330Z  INFO 2393 --- [ionShutdownHook] j.LocalContainerEntityManagerFactoryBean : Closing JPA EntityManagerFactory for persistence unit 'default'
2023-03-14T18:20:10.338Z  INFO 2393 --- [ionShutdownHook] com.zaxxer.hikari.HikariDataSource       : HikariPool-1 - Shutdown initiated...
2023-03-14T18:20:10.350Z  INFO 2393 --- [ionShutdownHook] com.zaxxer.hikari.HikariDataSource       : HikariPool-1 - Shutdown completed.
yarn install v1.22.19
[1/4] Resolving packages...
success Already up-to-date.
Done in 0.66s.
Latest version:     [1m[32m1.0.30001466[39m[22m
Installed version:  [1m[32m1.0.30001466[39m[22m
[1m[32mcaniuse-lite is up to date[39m[22m
caniuse-lite has been successfully updated

[32mNo target browser changes[39m
yarn install v1.22.19
[1/4] Resolving packages...
success Already up-to-date.
Done in 0.70s.
Latest version:     [1m[32m1.0.30001466[39m[22m
Installed version:  [1m[32m1.0.30001466[39m[22m
[1m[32mcaniuse-lite is up to date[39m[22m
caniuse-lite has been successfully updated

[32mNo target browser changes[39m
yarn run v1.22.19
$ node node_modules/react-scripts/bin/react-scripts.js build
Creating an optimized production build...
Compiled successfully.

File sizes after gzip:

  68.71 kB  build/static/js/main.2f357991.js
  2.63 kB   build/static/js/729.31df73d6.chunk.js
  909 B     build/static/css/main.6c9a8ca8.css

The project was built assuming it is hosted at /.
You can control this with the homepage field in your package.json.

The build folder is ready to be deployed.
You may serve it with a static server:

  yarn global add serve
  serve -s build

Find out more about deployment here:

  https://cra.link/deployment

Done in 12.75s.
yarn install v1.22.19
[1/4] Resolving packages...
success Already up-to-date.
Done in 0.84s.
Latest version:     [1m[32m1.0.30001466[39m[22m
Installed version:  [1m[32m1.0.30001466[39m[22m
[1m[32mcaniuse-lite is up to date[39m[22m
caniuse-lite has been successfully updated

[32mNo target browser changes[39m
yarn run v1.22.19
$ node node_modules/react-scripts/bin/react-scripts.js build
Creating an optimized production build...
Compiled successfully.

File sizes after gzip:

  68.71 kB  build/static/js/main.2f357991.js
  2.63 kB   build/static/js/729.31df73d6.chunk.js
  909 B     build/static/css/main.6c9a8ca8.css

The project was built assuming it is hosted at /.
You can control this with the homepage field in your package.json.

The build folder is ready to be deployed.
You may serve it with a static server:

  yarn global add serve
  serve -s build

Find out more about deployment here:

  https://cra.link/deployment

Done in 13.04s.
yarn install v1.22.19
[1/4] Resolving packages...
success Already up-to-date.
Done in 0.90s.
Latest version:     [1m[32m1.0.30001466[39m[22m
Installed version:  [1m[32m1.0.30001466[39m[22m
[1m[32mcaniuse-lite is up to date[39m[22m
caniuse-lite has been successfully updated

[32mNo target browser changes[39m
yarn install v1.22.19
[1/4] Resolving packages...
success Already up-to-date.
Done in 0.66s.
Latest version:     [1m[32m1.0.30001466[39m[22m
Installed version:  [1m[32m1.0.30001466[39m[22m
[1m[32mcaniuse-lite is up to date[39m[22m
caniuse-lite has been successfully updated

[32mNo target browser changes[39m
yarn run v1.22.19
$ node node_modules/react-scripts/bin/react-scripts.js build
Creating an optimized production build...
Compiled successfully.

File sizes after gzip:

  68.71 kB  build/static/js/main.2f357991.js
  2.63 kB   build/static/js/729.31df73d6.chunk.js
  909 B     build/static/css/main.6c9a8ca8.css

The project was built assuming it is hosted at /.
You can control this with the homepage field in your package.json.

The build folder is ready to be deployed.
You may serve it with a static server:

  yarn global add serve
  serve -s build

Find out more about deployment here:

  https://cra.link/deployment

Done in 11.30s.
[WARNING] Unable to find a URL to the parent project. The parent menu will NOT be added.
[WARNING] Javadoc Warnings
[WARNING] /home/runner/work/test-data-service/test-data-service/src/main/java/com/datengaertnerei/test/dataservice/person/TaxIdGenerator.java:12: warning: no comment
[WARNING] public static final String DEFAULT_TAX_ID = "12345678911";
[WARNING] ^
[WARNING] 1 warning
[WARNING] Javadoc Warnings
[WARNING] /home/runner/work/test-data-service/test-data-service/src/test/java/com/datengaertnerei/test/dataservice/cucumber/CucumberSpringContextConfiguration.java:35: warning: no comment
[WARNING] protected TestRestTemplate restTemplate;
[WARNING] ^
[WARNING] /home/runner/work/test-data-service/test-data-service/src/test/java/com/datengaertnerei/test/dataservice/cucumber/CucumberSpringContextConfiguration.java:39: warning: no comment
[WARNING] protected int serverPort;
[WARNING] ^
[WARNING] /home/runner/work/test-data-service/test-data-service/src/test/java/com/datengaertnerei/test/dataservice/cucumber/CucumberSpringContextConfiguration.java:47: warning: no comment
[WARNING] public void before() {
[WARNING] ^
[WARNING] 3 warnings
[ERROR] Project not found. Please check the 'sonar.projectKey' and 'sonar.organization' properties, the 'SONAR_TOKEN' environment variable, or contact the project administrator
[ERROR] Project not found. Please check the 'sonar.projectKey' and 'sonar.organization' properties, the 'SONAR_TOKEN' environment variable, or contact the project administrator
[ERROR] Project not found. Please check the 'sonar.projectKey' and 'sonar.organization' properties, the 'SONAR_TOKEN' environment variable, or contact the project administrator
[ERROR] Project not found. Please check the 'sonar.projectKey' and 'sonar.organization' properties, the 'SONAR_TOKEN' environment variable, or contact the project administrator
[ERROR] Project not found. Please check the 'sonar.projectKey' and 'sonar.organization' properties, the 'SONAR_TOKEN' environment variable, or contact the project administrator
[ERROR] Project not found. Please check the 'sonar.projectKey' and 'sonar.organization' properties, the 'SONAR_TOKEN' environment variable, or contact the project administrator
[ERROR] Project not found. Please check the 'sonar.projectKey' and 'sonar.organization' properties, the 'SONAR_TOKEN' environment variable, or contact the project administrator
[ERROR] Project not found. Please check the 'sonar.projectKey' and 'sonar.organization' properties, the 'SONAR_TOKEN' environment variable, or contact the project administrator
[ERROR] Project not found. Please check the 'sonar.projectKey' and 'sonar.organization' properties, the 'SONAR_TOKEN' environment variable, or contact the project administrator
[ERROR] Project not found. Please check the 'sonar.projectKey' and 'sonar.organization' properties, the 'SONAR_TOKEN' environment variable, or contact the project administrator
[ERROR] Project not found. Please check the 'sonar.projectKey' and 'sonar.organization' properties, the 'SONAR_TOKEN' environment variable, or contact the project administrator
[ERROR] Project not found. Please check the 'sonar.projectKey' and 'sonar.organization' properties, the 'SONAR_TOKEN' environment variable, or contact the project administrator
[ERROR] Project not found. Please check the 'sonar.projectKey' and 'sonar.organization' properties, the 'SONAR_TOKEN' environment variable, or contact the project administrator
[ERROR] Project not found. Please check the 'sonar.projectKey' and 'sonar.organization' properties, the 'SONAR_TOKEN' environment variable, or contact the project administrator
[ERROR] Project not found. Please check the 'sonar.projectKey' and 'sonar.organization' properties, the 'SONAR_TOKEN' environment variable, or contact the project administrator
[ERROR] Project not found. Please check the 'sonar.projectKey' and 'sonar.organization' properties, the 'SONAR_TOKEN' environment variable, or contact the project administrator
[ERROR] Project not found. Please check the 'sonar.projectKey' and 'sonar.organization' properties, the 'SONAR_TOKEN' environment variable, or contact the project administrator
[ERROR] Project not found. Please check the 'sonar.projectKey' and 'sonar.organization' properties, the 'SONAR_TOKEN' environment variable, or contact the project administrator
[ERROR] Project not found. Please check the 'sonar.projectKey' and 'sonar.organization' properties, the 'SONAR_TOKEN' environment variable, or contact the project administrator
[ERROR] Project not found. Please check the 'sonar.projectKey' and 'sonar.organization' properties, the 'SONAR_TOKEN' environment variable, or contact the project administrator
[ERROR] Project not found. Please check the 'sonar.projectKey' and 'sonar.organization' properties, the 'SONAR_TOKEN' environment variable, or contact the project administrator
[ERROR] Project not found. Please check the 'sonar.projectKey' and 'sonar.organization' properties, the 'SONAR_TOKEN' environment variable, or contact the project administrator
[ERROR] Project not found. Please check the 'sonar.projectKey' and 'sonar.organization' properties, the 'SONAR_TOKEN' environment variable, or contact the project administrator
[ERROR] Project not found. Please check the 'sonar.projectKey' and 'sonar.organization' properties, the 'SONAR_TOKEN' environment variable, or contact the project administrator
[ERROR] Project not found. Please check the 'sonar.projectKey' and 'sonar.organization' properties, the 'SONAR_TOKEN' environment variable, or contact the project administrator
[ERROR] Project not found. Please check the 'sonar.projectKey' and 'sonar.organization' properties, the 'SONAR_TOKEN' environment variable, or contact the project administrator
[ERROR] Project not found. Please check the 'sonar.projectKey' and 'sonar.organization' properties, the 'SONAR_TOKEN' environment variable, or contact the project administrator
[ERROR] Project not found. Please check the 'sonar.projectKey' and 'sonar.organization' properties, the 'SONAR_TOKEN' environment variable, or contact the project administrator
[ERROR] Project not found. Please check the 'sonar.projectKey' and 'sonar.organization' properties, the 'SONAR_TOKEN' environment variable, or contact the project administrator
[ERROR] Project not found. Please check the 'sonar.projectKey' and 'sonar.organization' properties, the 'SONAR_TOKEN' environment variable, or contact the project administrator
[ERROR] Project not found. Please check the 'sonar.projectKey' and 'sonar.organization' properties, the 'SONAR_TOKEN' environment variable, or contact the project administrator
[ERROR] Project not found. Please check the 'sonar.projectKey' and 'sonar.organization' properties, the 'SONAR_TOKEN' environment variable, or contact the project administrator
[ERROR] Project not found. Please check the 'sonar.projectKey' and 'sonar.organization' properties, the 'SONAR_TOKEN' environment variable, or contact the project administrator
